<?xml version="1.0" encoding="UTF-8"?>
<testsuite name="hello.hellospring.repository.MemoryMemberRepositoryTest" tests="3" skipped="0" failures="0" errors="0" timestamp="2022-07-12T08:10:05" hostname="namseunghyeon-ui-MacBookAir.local" time="0.027">
  <properties/>
  <testcase name="findAll()" classname="hello.hellospring.repository.MemoryMemberRepositoryTest" time="0.026"/>
  <testcase name="findByName()" classname="hello.hellospring.repository.MemoryMemberRepositoryTest" time="0.001"/>
  <testcase name="save()" classname="hello.hellospring.repository.MemoryMemberRepositoryTest" time="0.0"/>
  <system-out><![CDATA[]]></system-out>
  <system-err><![CDATA[]]></system-err>
</testsuite>
